<?xml version="1.0" encoding="UTF-8"?>
<!-- Generated by org.testng.reporters.JUnitXMLReporter -->
<testsuite hostname="SANJAY" ignored="0" name="Shopping Test" tests="1" failures="1" timestamp="06 Aug 2019 19:02:38 GMT" time="25.521" errors="0">
  <testcase name="login" time="13.884" classname="com.testCases.TC_01_Login">
    <failure type="java.lang.AssertionError" message="expected [true] but found [false]">
      <![CDATA[java.lang.AssertionError: expected [true] but found [false]
at com.testCases.TC_01_Login.login(TC_01_Login.java:30)
... Removed 29 stack frames]]>
    </failure>
  </testcase> <!-- login -->
</testsuite> <!-- Shopping Test -->
